30-Oct-2025 12:20:00.487 INFO [main] org.apache.catalina.startup.VersionLoggerListener.log Server version name:   Apache Tomcat/9.0.110
30-Oct-2025 12:20:00.491 INFO [main] org.apache.catalina.startup.VersionLoggerListener.log Server built:          Oct 1 2025 08:36:05 UTC
30-Oct-2025 12:20:00.492 INFO [main] org.apache.catalina.startup.VersionLoggerListener.log Server version number: 9.0.110.0
30-Oct-2025 12:20:00.492 INFO [main] org.apache.catalina.startup.VersionLoggerListener.log OS Name:               Windows 11
30-Oct-2025 12:20:00.492 INFO [main] org.apache.catalina.startup.VersionLoggerListener.log OS Version:            10.0
30-Oct-2025 12:20:00.494 INFO [main] org.apache.catalina.startup.VersionLoggerListener.log Architecture:          amd64
30-Oct-2025 12:20:00.494 INFO [main] org.apache.catalina.startup.VersionLoggerListener.log Java Home:             C:\Program Files\Java\jdk-23
30-Oct-2025 12:20:00.494 INFO [main] org.apache.catalina.startup.VersionLoggerListener.log JVM Version:           23.0.2+7-58
30-Oct-2025 12:20:00.494 INFO [main] org.apache.catalina.startup.VersionLoggerListener.log JVM Vendor:            Oracle Corporation
30-Oct-2025 12:20:00.494 INFO [main] org.apache.catalina.startup.VersionLoggerListener.log CATALINA_BASE:         E:\IT\SEM-5\SEM-5-Labs\ADV-JAVA Lab\api
30-Oct-2025 12:20:00.494 INFO [main] org.apache.catalina.startup.VersionLoggerListener.log CATALINA_HOME:         C:\Users\Shaurya Upadhyay\Downloads\apache-tomcat-9.0.110
30-Oct-2025 12:20:00.514 INFO [main] org.apache.catalina.startup.VersionLoggerListener.log Command line argument: --add-opens=java.base/java.lang=ALL-UNNAMED
30-Oct-2025 12:20:00.514 INFO [main] org.apache.catalina.startup.VersionLoggerListener.log Command line argument: --add-opens=java.base/java.io=ALL-UNNAMED
30-Oct-2025 12:20:00.514 INFO [main] org.apache.catalina.startup.VersionLoggerListener.log Command line argument: --add-opens=java.base/java.util=ALL-UNNAMED
30-Oct-2025 12:20:00.514 INFO [main] org.apache.catalina.startup.VersionLoggerListener.log Command line argument: --add-opens=java.base/java.util.concurrent=ALL-UNNAMED
30-Oct-2025 12:20:00.515 INFO [main] org.apache.catalina.startup.VersionLoggerListener.log Command line argument: --add-opens=java.rmi/sun.rmi.transport=ALL-UNNAMED
30-Oct-2025 12:20:00.515 INFO [main] org.apache.catalina.startup.VersionLoggerListener.log Command line argument: -Dcatalina.home=C:\Users\Shaurya Upadhyay\Downloads\apache-tomcat-9.0.110
30-Oct-2025 12:20:00.515 INFO [main] org.apache.catalina.startup.VersionLoggerListener.log Command line argument: -Dcatalina.base=E:\IT\SEM-5\SEM-5-Labs\ADV-JAVA Lab\api
30-Oct-2025 12:20:00.515 INFO [main] org.apache.catalina.startup.VersionLoggerListener.log Command line argument: -Djava.io.tmpdir=E:\IT\SEM-5\SEM-5-Labs\ADV-JAVA Lab\api\temp
30-Oct-2025 12:20:00.515 INFO [main] org.apache.catalina.startup.VersionLoggerListener.log Command line argument: -Djava.util.logging.config.file=E:\IT\SEM-5\SEM-5-Labs\ADV-JAVA Lab\api\conf\logging.properties
30-Oct-2025 12:20:00.516 INFO [main] org.apache.catalina.startup.VersionLoggerListener.log Command line argument: -Djava.util.logging.manager=org.apache.juli.ClassLoaderLogManager
30-Oct-2025 12:20:00.516 INFO [main] org.apache.catalina.startup.VersionLoggerListener.log Command line argument: -javaagent:D:\IntelliJ IDEA Community Edition 2025.1\lib\idea_rt.jar=50311
30-Oct-2025 12:20:00.516 INFO [main] org.apache.catalina.startup.VersionLoggerListener.log Command line argument: -Dfile.encoding=UTF-8
30-Oct-2025 12:20:00.516 INFO [main] org.apache.catalina.startup.VersionLoggerListener.log Command line argument: -Dsun.stdout.encoding=UTF-8
30-Oct-2025 12:20:00.517 INFO [main] org.apache.catalina.startup.VersionLoggerListener.log Command line argument: -Dsun.stderr.encoding=UTF-8
30-Oct-2025 12:20:00.530 INFO [main] org.apache.catalina.core.AprLifecycleListener.lifecycleEvent The Apache Tomcat Native library which allows using OpenSSL was not found on the java.library.path: [C:\Program Files\Java\jdk-23\bin;C:\WINDOWS\Sun\Java\bin;C:\WINDOWS\system32;C:\WINDOWS;C:\Program Files\Common Files\Oracle\Java\javapath;C:\Windows\system32;C:\Windows;C:\Windows\System32\Wbem;C:\Windows\System32\WindowsPowerShell\v1.0\;C:\Windows\System32\OpenSSH\;C:\Program Files (x86)\NVIDIA Corporation\PhysX\Common;C:\MinGW\bin;C:\Program Files\nodejs\;C:\Program Files\NVIDIA Corporation\NVIDIA app\NvDLISR;C:\Program Files\Git\cmd;C:\Program Files\Git\mingw64\bin;C:\Program Files\Git\usr\bin;C:\WINDOWS\system32;C:\WINDOWS;C:\WINDOWS\System32\Wbem;C:\WINDOWS\System32\WindowsPowerShell\v1.0\;C:\WINDOWS\System32\OpenSSH\;C:\Users\Shaurya Upadhyay\.cargo\bin;D:\apache-maven-3.9.9\bin;C:\Program Files\Java\jdk-23\bin;C:\Program Files\MySQL\MySQL Shell 8.0\bin\;C:\Users\Shaurya Upadhyay\AppData\Local\Microsoft\WindowsApps;C:\Users\Shaurya Upadhyay\AppData\Local\Programs\Microsoft VS Code\bin;C:\Users\Shaurya Upadhyay\AppData\Local\GitHubDesktop\bin;C:\Users\Shaurya Upadhyay\AppData\Roaming\npm;C:\Users\Shaurya Upadhyay\.cargo\bin;C:\Users\Shaurya Upadhyay\AppData\Local\Programs\Fiddler;C:\GnuWin32\bin;;.]
30-Oct-2025 12:20:01.148 INFO [main] org.apache.coyote.AbstractProtocol.init Initializing ProtocolHandler ["http-nio-8080"]
30-Oct-2025 12:20:01.171 INFO [main] org.apache.catalina.startup.Catalina.load Server initialization in [1082] milliseconds
30-Oct-2025 12:20:01.249 INFO [main] org.apache.catalina.core.StandardService.startInternal Starting service [Catalina]
30-Oct-2025 12:20:01.249 INFO [main] org.apache.catalina.core.StandardEngine.startInternal Starting Servlet engine: [Apache Tomcat/9.0.110]
30-Oct-2025 12:20:01.260 INFO [main] org.apache.catalina.startup.HostConfig.deployDescriptor Deploying deployment descriptor [E:\IT\SEM-5\SEM-5-Labs\ADV-JAVA Lab\api\conf\Catalina\localhost\api.xml]
30-Oct-2025 12:20:02.673 INFO [main] org.apache.jasper.servlet.TldScanner.scanJars At least one JAR was scanned for TLDs yet contained no TLDs. Enable debug logging for this logger for a complete list of JARs that were scanned but no TLDs were found in them. Skipping unneeded JARs during scanning can improve startup time and JSP compilation time.
30-Oct-2025 12:20:02.768 INFO [main] org.apache.catalina.startup.HostConfig.deployDescriptor Deployment of deployment descriptor [E:\IT\SEM-5\SEM-5-Labs\ADV-JAVA Lab\api\conf\Catalina\localhost\api.xml] has finished in [1,505] ms
30-Oct-2025 12:20:02.790 INFO [main] org.apache.coyote.AbstractProtocol.start Starting ProtocolHandler ["http-nio-8080"]
30-Oct-2025 12:20:02.848 INFO [main] org.apache.catalina.startup.Catalina.start Server startup in [1675] milliseconds
30-Oct-2025 12:39:32.930 INFO [Thread-1] org.apache.coyote.AbstractProtocol.pause Pausing ProtocolHandler ["http-nio-8080"]
30-Oct-2025 12:39:32.952 INFO [Thread-1] org.apache.catalina.core.StandardService.stopInternal Stopping service [Catalina]
30-Oct-2025 12:39:32.968 INFO [Thread-1] org.apache.coyote.AbstractProtocol.stop Stopping ProtocolHandler ["http-nio-8080"]
30-Oct-2025 12:39:32.983 INFO [Thread-1] org.apache.coyote.AbstractProtocol.destroy Destroying ProtocolHandler ["http-nio-8080"]
